nohup: ignoring input
  ____________       _____________
 ____    |__( )_________  __/__  /________      __
____  /| |_  /__  ___/_  /_ __  /_  __ \_ | /| / /
___  ___ |  / _  /   _  __/ _  / / /_/ /_ |/ |/ /
 _/_/  |_/_/  /_/    /_/    /_/  \____/____/|__/
[2026-06-03T20:48:07.891+0300] {executor_loader.py:258} INFO - Loaded executor: SequentialExecutor
[2026-06-03T20:48:08.429+0300] {scheduler_job_runner.py:950} INFO - Starting the scheduler
[2026-06-03T20:48:08.435+0300] {scheduler_job_runner.py:957} INFO - Processing each file at most -1 times
[2026-06-03 20:48:08 +0300] [36914] [INFO] Starting gunicorn 23.0.0
[2026-06-03 20:48:08 +0300] [36914] [INFO] Listening at: http://[::]:8793 (36914)
[2026-06-03 20:48:08 +0300] [36914] [INFO] Using worker: sync
[2026-06-03 20:48:08 +0300] [36915] [INFO] Booting worker with pid: 36915
[2026-06-03T20:48:08.494+0300] {manager.py:174} INFO - Launched DagFileProcessorManager with pid: 36916
[2026-06-03T20:48:08.501+0300] {scheduler_job_runner.py:1949} INFO - Adopting or resetting orphaned tasks for active dag runs
[2026-06-03T20:48:08.525+0300] {settings.py:63} INFO - Configured default timezone Africa/Nairobi
[2026-06-03 20:48:08 +0300] [36917] [INFO] Booting worker with pid: 36917
[2026-06-03T20:48:08.620+0300] {scheduler_job_runner.py:1972} INFO - Marked 1 SchedulerJob instances as failed
[2026-06-03T20:48:08.625+0300] {manager.py:406} WARNING - Because we cannot use more than 1 thread (parsing_processes = 2) when using sqlite. So we set parallelism to 1.
[2026-06-03T20:48:24.468+0300] {dag.py:4180} INFO - Setting next_dagrun for simple_greet to 2026-06-03 16:00:00+00:00, run_after=2026-06-03 17:00:00+00:00
[2026-06-03T20:48:24.556+0300] {dag.py:4180} INFO - Setting next_dagrun for Stocks_etl to 2026-06-03 16:00:00+00:00, run_after=2026-06-03 17:00:00+00:00
[2026-06-03T20:48:24.589+0300] {dag.py:4180} INFO - Setting next_dagrun for taskflow_etl2 to 2026-06-03 16:00:00+00:00, run_after=2026-06-03 17:00:00+00:00
[2026-06-03T20:48:24.862+0300] {scheduler_job_runner.py:435} INFO - 3 tasks up for execution:
	<TaskInstance: Stocks_etl.extract scheduled__2026-06-03T13:00:00+00:00 [scheduled]>
	<TaskInstance: taskflow_etl2.first scheduled__2026-06-03T13:00:00+00:00 [scheduled]>
	<TaskInstance: simple_greet.greetings scheduled__2026-06-03T13:00:00+00:00 [scheduled]>
[2026-06-03T20:48:24.862+0300] {scheduler_job_runner.py:507} INFO - DAG Stocks_etl has 0/16 running and queued tasks
[2026-06-03T20:48:24.863+0300] {scheduler_job_runner.py:507} INFO - DAG taskflow_etl2 has 0/16 running and queued tasks
[2026-06-03T20:48:24.863+0300] {scheduler_job_runner.py:507} INFO - DAG simple_greet has 0/16 running and queued tasks
[2026-06-03T20:48:24.863+0300] {scheduler_job_runner.py:646} INFO - Setting the following tasks to queued state:
	<TaskInstance: Stocks_etl.extract scheduled__2026-06-03T13:00:00+00:00 [scheduled]>
	<TaskInstance: taskflow_etl2.first scheduled__2026-06-03T13:00:00+00:00 [scheduled]>
	<TaskInstance: simple_greet.greetings scheduled__2026-06-03T13:00:00+00:00 [scheduled]>
[2026-06-03T20:48:24.867+0300] {scheduler_job_runner.py:748} INFO - Trying to enqueue tasks: [<TaskInstance: Stocks_etl.extract scheduled__2026-06-03T13:00:00+00:00 [scheduled]>, <TaskInstance: taskflow_etl2.first scheduled__2026-06-03T13:00:00+00:00 [scheduled]>, <TaskInstance: simple_greet.greetings scheduled__2026-06-03T13:00:00+00:00 [scheduled]>] for executor: SequentialExecutor(parallelism=32)
[2026-06-03T20:48:24.867+0300] {scheduler_job_runner.py:692} INFO - Sending TaskInstanceKey(dag_id='Stocks_etl', task_id='extract', run_id='scheduled__2026-06-03T13:00:00+00:00', try_number=1, map_index=-1) to SequentialExecutor with priority 3 and queue default
[2026-06-03T20:48:24.868+0300] {base_executor.py:169} INFO - Adding to queue: ['airflow', 'tasks', 'run', 'Stocks_etl', 'extract', 'scheduled__2026-06-03T13:00:00+00:00', '--local', '--subdir', '/home/karen/airflow/dags/stock_etl_dag.py']
[2026-06-03T20:48:24.868+0300] {scheduler_job_runner.py:692} INFO - Sending TaskInstanceKey(dag_id='taskflow_etl2', task_id='first', run_id='scheduled__2026-06-03T13:00:00+00:00', try_number=1, map_index=-1) to SequentialExecutor with priority 3 and queue default
[2026-06-03T20:48:24.869+0300] {base_executor.py:169} INFO - Adding to queue: ['airflow', 'tasks', 'run', 'taskflow_etl2', 'first', 'scheduled__2026-06-03T13:00:00+00:00', '--local', '--subdir', '/home/karen/airflow/dags/etl_tf2.py']
[2026-06-03T20:48:24.869+0300] {scheduler_job_runner.py:692} INFO - Sending TaskInstanceKey(dag_id='simple_greet', task_id='greetings', run_id='scheduled__2026-06-03T13:00:00+00:00', try_number=1, map_index=-1) to SequentialExecutor with priority 2 and queue default
[2026-06-03T20:48:24.869+0300] {base_executor.py:169} INFO - Adding to queue: ['airflow', 'tasks', 'run', 'simple_greet', 'greetings', 'scheduled__2026-06-03T13:00:00+00:00', '--local', '--subdir', '/home/karen/airflow/dags/simple_dag.py']
[2026-06-03T20:48:24.892+0300] {sequential_executor.py:84} INFO - Executing command: ['airflow', 'tasks', 'run', 'Stocks_etl', 'extract', 'scheduled__2026-06-03T13:00:00+00:00', '--local', '--subdir', '/home/karen/airflow/dags/stock_etl_dag.py']
[2026-06-03T20:48:26.557+0300] {dagbag.py:588} INFO - Filling up the DagBag from /home/karen/airflow/dags/stock_etl_dag.py
[2026-06-03T20:48:27.825+0300] {task_command.py:467} INFO - Running <TaskInstance: Stocks_etl.extract scheduled__2026-06-03T13:00:00+00:00 [queued]> on host karen
[2026-06-03T20:48:35.326+0300] {sequential_executor.py:84} INFO - Executing command: ['airflow', 'tasks', 'run', 'taskflow_etl2', 'first', 'scheduled__2026-06-03T13:00:00+00:00', '--local', '--subdir', '/home/karen/airflow/dags/etl_tf2.py']
[2026-06-03T20:48:36.835+0300] {dagbag.py:588} INFO - Filling up the DagBag from /home/karen/airflow/dags/etl_tf2.py
[2026-06-03T20:48:37.168+0300] {task_command.py:467} INFO - Running <TaskInstance: taskflow_etl2.first scheduled__2026-06-03T13:00:00+00:00 [queued]> on host karen
[2026-06-03T20:48:38.065+0300] {sequential_executor.py:84} INFO - Executing command: ['airflow', 'tasks', 'run', 'simple_greet', 'greetings', 'scheduled__2026-06-03T13:00:00+00:00', '--local', '--subdir', '/home/karen/airflow/dags/simple_dag.py']
[2026-06-03T20:48:39.550+0300] {dagbag.py:588} INFO - Filling up the DagBag from /home/karen/airflow/dags/simple_dag.py
[2026-06-03T20:48:39.799+0300] {task_command.py:467} INFO - Running <TaskInstance: simple_greet.greetings scheduled__2026-06-03T13:00:00+00:00 [queued]> on host karen
[2026-06-03T20:48:40.726+0300] {scheduler_job_runner.py:776} INFO - Received executor event with state success for task instance TaskInstanceKey(dag_id='Stocks_etl', task_id='extract', run_id='scheduled__2026-06-03T13:00:00+00:00', try_number=1, map_index=-1)
[2026-06-03T20:48:40.726+0300] {scheduler_job_runner.py:776} INFO - Received executor event with state success for task instance TaskInstanceKey(dag_id='taskflow_etl2', task_id='first', run_id='scheduled__2026-06-03T13:00:00+00:00', try_number=1, map_index=-1)
[2026-06-03T20:48:40.727+0300] {scheduler_job_runner.py:776} INFO - Received executor event with state success for task instance TaskInstanceKey(dag_id='simple_greet', task_id='greetings', run_id='scheduled__2026-06-03T13:00:00+00:00', try_number=1, map_index=-1)
[2026-06-03T20:48:40.736+0300] {scheduler_job_runner.py:813} INFO - TaskInstance Finished: dag_id=taskflow_etl2, task_id=first, run_id=scheduled__2026-06-03T13:00:00+00:00, map_index=-1, run_start_date=2026-06-03 17:48:37.252433+00:00, run_end_date=2026-06-03 17:48:37.538995+00:00, run_duration=0.286562, state=success, executor=SequentialExecutor(parallelism=32), executor_state=success, try_number=1, max_tries=0, job_id=509, pool=default_pool, queue=default, priority_weight=3, operator=_PythonDecoratedOperator, queued_dttm=2026-06-03 17:48:24.864954+00:00, queued_by_job_id=507, pid=37069
[2026-06-03T20:48:40.738+0300] {scheduler_job_runner.py:813} INFO - TaskInstance Finished: dag_id=simple_greet, task_id=greetings, run_id=scheduled__2026-06-03T13:00:00+00:00, map_index=-1, run_start_date=2026-06-03 17:48:39.871164+00:00, run_end_date=2026-06-03 17:48:40.162580+00:00, run_duration=0.291416, state=success, executor=SequentialExecutor(parallelism=32), executor_state=success, try_number=1, max_tries=0, job_id=510, pool=default_pool, queue=default, priority_weight=2, operator=PythonOperator, queued_dttm=2026-06-03 17:48:24.864954+00:00, queued_by_job_id=507, pid=37082
[2026-06-03T20:48:40.738+0300] {scheduler_job_runner.py:813} INFO - TaskInstance Finished: dag_id=Stocks_etl, task_id=extract, run_id=scheduled__2026-06-03T13:00:00+00:00, map_index=-1, run_start_date=2026-06-03 17:48:28.009159+00:00, run_end_date=2026-06-03 17:48:34.504902+00:00, run_duration=6.495743, state=success, executor=SequentialExecutor(parallelism=32), executor_state=success, try_number=1, max_tries=0, job_id=508, pool=default_pool, queue=default, priority_weight=3, operator=_PythonDecoratedOperator, queued_dttm=2026-06-03 17:48:24.864954+00:00, queued_by_job_id=507, pid=37015
[2026-06-03T20:48:40.783+0300] {job.py:229} INFO - Heartbeat recovered after 33.02 seconds
[2026-06-03T20:48:40.841+0300] {dag.py:4180} INFO - Setting next_dagrun for taskflow_etl2 to 2026-06-03 17:00:00+00:00, run_after=2026-06-03 18:00:00+00:00
[2026-06-03T20:48:40.908+0300] {dag.py:4180} INFO - Setting next_dagrun for simple_greet to 2026-06-03 17:00:00+00:00, run_after=2026-06-03 18:00:00+00:00
[2026-06-03T20:48:40.935+0300] {dag.py:4180} INFO - Setting next_dagrun for Stocks_etl to 2026-06-03 17:00:00+00:00, run_after=2026-06-03 18:00:00+00:00
[2026-06-03T20:48:41.138+0300] {scheduler_job_runner.py:435} INFO - 6 tasks up for execution:
	<TaskInstance: taskflow_etl2.first scheduled__2026-06-03T16:00:00+00:00 [scheduled]>
	<TaskInstance: Stocks_etl.extract scheduled__2026-06-03T16:00:00+00:00 [scheduled]>
	<TaskInstance: Stocks_etl.transform scheduled__2026-06-03T13:00:00+00:00 [scheduled]>
	<TaskInstance: taskflow_etl2.second scheduled__2026-06-03T13:00:00+00:00 [scheduled]>
	<TaskInstance: simple_greet.greetings scheduled__2026-06-03T16:00:00+00:00 [scheduled]>
	<TaskInstance: simple_greet.byeee scheduled__2026-06-03T13:00:00+00:00 [scheduled]>
[2026-06-03T20:48:41.138+0300] {scheduler_job_runner.py:507} INFO - DAG taskflow_etl2 has 0/16 running and queued tasks
[2026-06-03T20:48:41.139+0300] {scheduler_job_runner.py:507} INFO - DAG Stocks_etl has 0/16 running and queued tasks
[2026-06-03T20:48:41.139+0300] {scheduler_job_runner.py:507} INFO - DAG Stocks_etl has 1/16 running and queued tasks
[2026-06-03T20:48:41.140+0300] {scheduler_job_runner.py:507} INFO - DAG taskflow_etl2 has 1/16 running and queued tasks
[2026-06-03T20:48:41.140+0300] {scheduler_job_runner.py:507} INFO - DAG simple_greet has 0/16 running and queued tasks
[2026-06-03T20:48:41.140+0300] {scheduler_job_runner.py:507} INFO - DAG simple_greet has 1/16 running and queued tasks
[2026-06-03T20:48:41.141+0300] {scheduler_job_runner.py:646} INFO - Setting the following tasks to queued state:
	<TaskInstance: taskflow_etl2.first scheduled__2026-06-03T16:00:00+00:00 [scheduled]>
	<TaskInstance: Stocks_etl.extract scheduled__2026-06-03T16:00:00+00:00 [scheduled]>
	<TaskInstance: Stocks_etl.transform scheduled__2026-06-03T13:00:00+00:00 [scheduled]>
	<TaskInstance: taskflow_etl2.second scheduled__2026-06-03T13:00:00+00:00 [scheduled]>
	<TaskInstance: simple_greet.greetings scheduled__2026-06-03T16:00:00+00:00 [scheduled]>
	<TaskInstance: simple_greet.byeee scheduled__2026-06-03T13:00:00+00:00 [scheduled]>
[2026-06-03T20:48:41.145+0300] {scheduler_job_runner.py:748} INFO - Trying to enqueue tasks: [<TaskInstance: taskflow_etl2.first scheduled__2026-06-03T16:00:00+00:00 [scheduled]>, <TaskInstance: Stocks_etl.extract scheduled__2026-06-03T16:00:00+00:00 [scheduled]>, <TaskInstance: Stocks_etl.transform scheduled__2026-06-03T13:00:00+00:00 [scheduled]>, <TaskInstance: taskflow_etl2.second scheduled__2026-06-03T13:00:00+00:00 [scheduled]>, <TaskInstance: simple_greet.greetings scheduled__2026-06-03T16:00:00+00:00 [scheduled]>, <TaskInstance: simple_greet.byeee scheduled__2026-06-03T13:00:00+00:00 [scheduled]>] for executor: SequentialExecutor(parallelism=32)
[2026-06-03T20:48:41.146+0300] {scheduler_job_runner.py:692} INFO - Sending TaskInstanceKey(dag_id='taskflow_etl2', task_id='first', run_id='scheduled__2026-06-03T16:00:00+00:00', try_number=1, map_index=-1) to SequentialExecutor with priority 3 and queue default
[2026-06-03T20:48:41.146+0300] {base_executor.py:169} INFO - Adding to queue: ['airflow', 'tasks', 'run', 'taskflow_etl2', 'first', 'scheduled__2026-06-03T16:00:00+00:00', '--local', '--subdir', '/home/karen/airflow/dags/etl_tf2.py']
[2026-06-03T20:48:41.147+0300] {scheduler_job_runner.py:692} INFO - Sending TaskInstanceKey(dag_id='Stocks_etl', task_id='extract', run_id='scheduled__2026-06-03T16:00:00+00:00', try_number=1, map_index=-1) to SequentialExecutor with priority 3 and queue default
[2026-06-03T20:48:41.147+0300] {base_executor.py:169} INFO - Adding to queue: ['airflow', 'tasks', 'run', 'Stocks_etl', 'extract', 'scheduled__2026-06-03T16:00:00+00:00', '--local', '--subdir', '/home/karen/airflow/dags/stock_etl_dag.py']
[2026-06-03T20:48:41.147+0300] {scheduler_job_runner.py:692} INFO - Sending TaskInstanceKey(dag_id='Stocks_etl', task_id='transform', run_id='scheduled__2026-06-03T13:00:00+00:00', try_number=1, map_index=-1) to SequentialExecutor with priority 2 and queue default
[2026-06-03T20:48:41.148+0300] {base_executor.py:169} INFO - Adding to queue: ['airflow', 'tasks', 'run', 'Stocks_etl', 'transform', 'scheduled__2026-06-03T13:00:00+00:00', '--local', '--subdir', '/home/karen/airflow/dags/stock_etl_dag.py']
[2026-06-03T20:48:41.148+0300] {scheduler_job_runner.py:692} INFO - Sending TaskInstanceKey(dag_id='taskflow_etl2', task_id='second', run_id='scheduled__2026-06-03T13:00:00+00:00', try_number=1, map_index=-1) to SequentialExecutor with priority 2 and queue default
[2026-06-03T20:48:41.148+0300] {base_executor.py:169} INFO - Adding to queue: ['airflow', 'tasks', 'run', 'taskflow_etl2', 'second', 'scheduled__2026-06-03T13:00:00+00:00', '--local', '--subdir', '/home/karen/airflow/dags/etl_tf2.py']
[2026-06-03T20:48:41.149+0300] {scheduler_job_runner.py:692} INFO - Sending TaskInstanceKey(dag_id='simple_greet', task_id='greetings', run_id='scheduled__2026-06-03T16:00:00+00:00', try_number=1, map_index=-1) to SequentialExecutor with priority 2 and queue default
[2026-06-03T20:48:41.149+0300] {base_executor.py:169} INFO - Adding to queue: ['airflow', 'tasks', 'run', 'simple_greet', 'greetings', 'scheduled__2026-06-03T16:00:00+00:00', '--local', '--subdir', '/home/karen/airflow/dags/simple_dag.py']
[2026-06-03T20:48:41.149+0300] {scheduler_job_runner.py:692} INFO - Sending TaskInstanceKey(dag_id='simple_greet', task_id='byeee', run_id='scheduled__2026-06-03T13:00:00+00:00', try_number=1, map_index=-1) to SequentialExecutor with priority 1 and queue default
[2026-06-03T20:48:41.149+0300] {base_executor.py:169} INFO - Adding to queue: ['airflow', 'tasks', 'run', 'simple_greet', 'byeee', 'scheduled__2026-06-03T13:00:00+00:00', '--local', '--subdir', '/home/karen/airflow/dags/simple_dag.py']
[2026-06-03T20:48:41.172+0300] {sequential_executor.py:84} INFO - Executing command: ['airflow', 'tasks', 'run', 'taskflow_etl2', 'first', 'scheduled__2026-06-03T16:00:00+00:00', '--local', '--subdir', '/home/karen/airflow/dags/etl_tf2.py']
[2026-06-03T20:48:42.659+0300] {dagbag.py:588} INFO - Filling up the DagBag from /home/karen/airflow/dags/etl_tf2.py
[2026-06-03T20:48:42.871+0300] {task_command.py:467} INFO - Running <TaskInstance: taskflow_etl2.first scheduled__2026-06-03T16:00:00+00:00 [queued]> on host karen
[2026-06-03T20:48:43.714+0300] {sequential_executor.py:84} INFO - Executing command: ['airflow', 'tasks', 'run', 'Stocks_etl', 'extract', 'scheduled__2026-06-03T16:00:00+00:00', '--local', '--subdir', '/home/karen/airflow/dags/stock_etl_dag.py']
[2026-06-03T20:48:45.193+0300] {dagbag.py:588} INFO - Filling up the DagBag from /home/karen/airflow/dags/stock_etl_dag.py
[2026-06-03T20:48:45.780+0300] {task_command.py:467} INFO - Running <TaskInstance: Stocks_etl.extract scheduled__2026-06-03T16:00:00+00:00 [queued]> on host karen
[2026-06-03T20:48:52.545+0300] {sequential_executor.py:84} INFO - Executing command: ['airflow', 'tasks', 'run', 'Stocks_etl', 'transform', 'scheduled__2026-06-03T13:00:00+00:00', '--local', '--subdir', '/home/karen/airflow/dags/stock_etl_dag.py']
[2026-06-03T20:48:54.172+0300] {dagbag.py:588} INFO - Filling up the DagBag from /home/karen/airflow/dags/stock_etl_dag.py
[2026-06-03T20:48:54.801+0300] {task_command.py:467} INFO - Running <TaskInstance: Stocks_etl.transform scheduled__2026-06-03T13:00:00+00:00 [queued]> on host karen
[2026-06-03T20:48:55.906+0300] {sequential_executor.py:84} INFO - Executing command: ['airflow', 'tasks', 'run', 'taskflow_etl2', 'second', 'scheduled__2026-06-03T13:00:00+00:00', '--local', '--subdir', '/home/karen/airflow/dags/etl_tf2.py']
[2026-06-03T20:48:57.405+0300] {dagbag.py:588} INFO - Filling up the DagBag from /home/karen/airflow/dags/etl_tf2.py
[2026-06-03T20:48:57.633+0300] {task_command.py:467} INFO - Running <TaskInstance: taskflow_etl2.second scheduled__2026-06-03T13:00:00+00:00 [queued]> on host karen
[2026-06-03T20:48:58.543+0300] {sequential_executor.py:84} INFO - Executing command: ['airflow', 'tasks', 'run', 'simple_greet', 'greetings', 'scheduled__2026-06-03T16:00:00+00:00', '--local', '--subdir', '/home/karen/airflow/dags/simple_dag.py']
[2026-06-03T20:49:00.059+0300] {dagbag.py:588} INFO - Filling up the DagBag from /home/karen/airflow/dags/simple_dag.py
[2026-06-03T20:49:00.235+0300] {task_command.py:467} INFO - Running <TaskInstance: simple_greet.greetings scheduled__2026-06-03T16:00:00+00:00 [queued]> on host karen
[2026-06-03T20:49:01.129+0300] {sequential_executor.py:84} INFO - Executing command: ['airflow', 'tasks', 'run', 'simple_greet', 'byeee', 'scheduled__2026-06-03T13:00:00+00:00', '--local', '--subdir', '/home/karen/airflow/dags/simple_dag.py']
[2026-06-03T20:49:02.665+0300] {dagbag.py:588} INFO - Filling up the DagBag from /home/karen/airflow/dags/simple_dag.py
[2026-06-03T20:49:02.836+0300] {task_command.py:467} INFO - Running <TaskInstance: simple_greet.byeee scheduled__2026-06-03T13:00:00+00:00 [queued]> on host karen
[2026-06-03T20:49:03.699+0300] {scheduler_job_runner.py:776} INFO - Received executor event with state success for task instance TaskInstanceKey(dag_id='taskflow_etl2', task_id='first', run_id='scheduled__2026-06-03T16:00:00+00:00', try_number=1, map_index=-1)
[2026-06-03T20:49:03.700+0300] {scheduler_job_runner.py:776} INFO - Received executor event with state success for task instance TaskInstanceKey(dag_id='Stocks_etl', task_id='extract', run_id='scheduled__2026-06-03T16:00:00+00:00', try_number=1, map_index=-1)
[2026-06-03T20:49:03.701+0300] {scheduler_job_runner.py:776} INFO - Received executor event with state success for task instance TaskInstanceKey(dag_id='Stocks_etl', task_id='transform', run_id='scheduled__2026-06-03T13:00:00+00:00', try_number=1, map_index=-1)
[2026-06-03T20:49:03.701+0300] {scheduler_job_runner.py:776} INFO - Received executor event with state success for task instance TaskInstanceKey(dag_id='taskflow_etl2', task_id='second', run_id='scheduled__2026-06-03T13:00:00+00:00', try_number=1, map_index=-1)
[2026-06-03T20:49:03.702+0300] {scheduler_job_runner.py:776} INFO - Received executor event with state success for task instance TaskInstanceKey(dag_id='simple_greet', task_id='greetings', run_id='scheduled__2026-06-03T16:00:00+00:00', try_number=1, map_index=-1)
[2026-06-03T20:49:03.702+0300] {scheduler_job_runner.py:776} INFO - Received executor event with state success for task instance TaskInstanceKey(dag_id='simple_greet', task_id='byeee', run_id='scheduled__2026-06-03T13:00:00+00:00', try_number=1, map_index=-1)
[2026-06-03T20:49:03.714+0300] {scheduler_job_runner.py:813} INFO - TaskInstance Finished: dag_id=taskflow_etl2, task_id=first, run_id=scheduled__2026-06-03T16:00:00+00:00, map_index=-1, run_start_date=2026-06-03 17:48:42.941381+00:00, run_end_date=2026-06-03 17:48:43.184478+00:00, run_duration=0.243097, state=success, executor=SequentialExecutor(parallelism=32), executor_state=success, try_number=1, max_tries=0, job_id=511, pool=default_pool, queue=default, priority_weight=3, operator=_PythonDecoratedOperator, queued_dttm=2026-06-03 17:48:41.142733+00:00, queued_by_job_id=507, pid=37096
[2026-06-03T20:49:03.714+0300] {scheduler_job_runner.py:813} INFO - TaskInstance Finished: dag_id=taskflow_etl2, task_id=second, run_id=scheduled__2026-06-03T13:00:00+00:00, map_index=-1, run_start_date=2026-06-03 17:48:57.709122+00:00, run_end_date=2026-06-03 17:48:57.980650+00:00, run_duration=0.271528, state=success, executor=SequentialExecutor(parallelism=32), executor_state=success, try_number=1, max_tries=0, job_id=514, pool=default_pool, queue=default, priority_weight=2, operator=_PythonDecoratedOperator, queued_dttm=2026-06-03 17:48:41.142733+00:00, queued_by_job_id=507, pid=37195
[2026-06-03T20:49:03.715+0300] {scheduler_job_runner.py:813} INFO - TaskInstance Finished: dag_id=simple_greet, task_id=greetings, run_id=scheduled__2026-06-03T16:00:00+00:00, map_index=-1, run_start_date=2026-06-03 17:49:00.313908+00:00, run_end_date=2026-06-03 17:49:00.554850+00:00, run_duration=0.240942, state=success, executor=SequentialExecutor(parallelism=32), executor_state=success, try_number=1, max_tries=0, job_id=515, pool=default_pool, queue=default, priority_weight=2, operator=PythonOperator, queued_dttm=2026-06-03 17:48:41.142733+00:00, queued_by_job_id=507, pid=37211
[2026-06-03T20:49:03.716+0300] {scheduler_job_runner.py:813} INFO - TaskInstance Finished: dag_id=simple_greet, task_id=byeee, run_id=scheduled__2026-06-03T13:00:00+00:00, map_index=-1, run_start_date=2026-06-03 17:49:02.907589+00:00, run_end_date=2026-06-03 17:49:03.147473+00:00, run_duration=0.239884, state=success, executor=SequentialExecutor(parallelism=32), executor_state=success, try_number=1, max_tries=0, job_id=516, pool=default_pool, queue=default, priority_weight=1, operator=PythonOperator, queued_dttm=2026-06-03 17:48:41.142733+00:00, queued_by_job_id=507, pid=37225
[2026-06-03T20:49:03.716+0300] {scheduler_job_runner.py:813} INFO - TaskInstance Finished: dag_id=Stocks_etl, task_id=extract, run_id=scheduled__2026-06-03T16:00:00+00:00, map_index=-1, run_start_date=2026-06-03 17:48:45.854456+00:00, run_end_date=2026-06-03 17:48:51.971206+00:00, run_duration=6.11675, state=success, executor=SequentialExecutor(parallelism=32), executor_state=success, try_number=1, max_tries=0, job_id=512, pool=default_pool, queue=default, priority_weight=3, operator=_PythonDecoratedOperator, queued_dttm=2026-06-03 17:48:41.142733+00:00, queued_by_job_id=507, pid=37123
[2026-06-03T20:49:03.717+0300] {scheduler_job_runner.py:813} INFO - TaskInstance Finished: dag_id=Stocks_etl, task_id=transform, run_id=scheduled__2026-06-03T13:00:00+00:00, map_index=-1, run_start_date=2026-06-03 17:48:54.879070+00:00, run_end_date=2026-06-03 17:48:55.216810+00:00, run_duration=0.33774, state=failed, executor=SequentialExecutor(parallelism=32), executor_state=success, try_number=1, max_tries=0, job_id=513, pool=default_pool, queue=default, priority_weight=2, operator=_PythonDecoratedOperator, queued_dttm=2026-06-03 17:48:41.142733+00:00, queued_by_job_id=507, pid=37169
[2026-06-03T20:49:04.314+0300] {dagrun.py:823} ERROR - Marking run <DagRun Stocks_etl @ 2026-06-03 13:00:00+00:00: scheduled__2026-06-03T13:00:00+00:00, state:running, queued_at: 2026-06-03 17:48:24.471973+00:00. externally triggered: False> failed
[2026-06-03T20:49:04.315+0300] {dagrun.py:905} INFO - DagRun Finished: dag_id=Stocks_etl, execution_date=2026-06-03 13:00:00+00:00, run_id=scheduled__2026-06-03T13:00:00+00:00, run_start_date=2026-06-03 17:48:24.659706+00:00, run_end_date=2026-06-03 17:49:04.315062+00:00, run_duration=39.655356, state=failed, external_trigger=False, run_type=scheduled, data_interval_start=2026-06-03 13:00:00+00:00, data_interval_end=2026-06-03 14:00:00+00:00, dag_hash=eff921faf52227b633ce7649235875ff
[2026-06-03T20:49:04.322+0300] {dag.py:4180} INFO - Setting next_dagrun for Stocks_etl to 2026-06-03 16:00:00+00:00, run_after=2026-06-03 17:00:00+00:00
[2026-06-03T20:49:04.326+0300] {dagrun.py:854} INFO - Marking run <DagRun simple_greet @ 2026-06-03 13:00:00+00:00: scheduled__2026-06-03T13:00:00+00:00, state:running, queued_at: 2026-06-03 17:48:24.189680+00:00. externally triggered: False> successful
[2026-06-03T20:49:04.327+0300] {dagrun.py:905} INFO - DagRun Finished: dag_id=simple_greet, execution_date=2026-06-03 13:00:00+00:00, run_id=scheduled__2026-06-03T13:00:00+00:00, run_start_date=2026-06-03 17:48:24.660313+00:00, run_end_date=2026-06-03 17:49:04.326933+00:00, run_duration=39.66662, state=success, external_trigger=False, run_type=scheduled, data_interval_start=2026-06-03 13:00:00+00:00, data_interval_end=2026-06-03 14:00:00+00:00, dag_hash=1c5429059aab237dd126ee42dde4e143
[2026-06-03T20:49:04.332+0300] {dag.py:4180} INFO - Setting next_dagrun for simple_greet to 2026-06-03 16:00:00+00:00, run_after=2026-06-03 17:00:00+00:00
[2026-06-03T20:49:04.384+0300] {scheduler_job_runner.py:435} INFO - 4 tasks up for execution:
	<TaskInstance: taskflow_etl2.second scheduled__2026-06-03T16:00:00+00:00 [scheduled]>
	<TaskInstance: Stocks_etl.transform scheduled__2026-06-03T16:00:00+00:00 [scheduled]>
	<TaskInstance: taskflow_etl2.third scheduled__2026-06-03T13:00:00+00:00 [scheduled]>
	<TaskInstance: simple_greet.byeee scheduled__2026-06-03T16:00:00+00:00 [scheduled]>
[2026-06-03T20:49:04.384+0300] {scheduler_job_runner.py:507} INFO - DAG taskflow_etl2 has 0/16 running and queued tasks
[2026-06-03T20:49:04.385+0300] {scheduler_job_runner.py:507} INFO - DAG Stocks_etl has 0/16 running and queued tasks
[2026-06-03T20:49:04.385+0300] {scheduler_job_runner.py:507} INFO - DAG taskflow_etl2 has 1/16 running and queued tasks
[2026-06-03T20:49:04.385+0300] {scheduler_job_runner.py:507} INFO - DAG simple_greet has 0/16 running and queued tasks
[2026-06-03T20:49:04.386+0300] {scheduler_job_runner.py:646} INFO - Setting the following tasks to queued state:
	<TaskInstance: taskflow_etl2.second scheduled__2026-06-03T16:00:00+00:00 [scheduled]>
	<TaskInstance: Stocks_etl.transform scheduled__2026-06-03T16:00:00+00:00 [scheduled]>
	<TaskInstance: taskflow_etl2.third scheduled__2026-06-03T13:00:00+00:00 [scheduled]>
	<TaskInstance: simple_greet.byeee scheduled__2026-06-03T16:00:00+00:00 [scheduled]>
[2026-06-03T20:49:04.389+0300] {scheduler_job_runner.py:748} INFO - Trying to enqueue tasks: [<TaskInstance: taskflow_etl2.second scheduled__2026-06-03T16:00:00+00:00 [scheduled]>, <TaskInstance: Stocks_etl.transform scheduled__2026-06-03T16:00:00+00:00 [scheduled]>, <TaskInstance: taskflow_etl2.third scheduled__2026-06-03T13:00:00+00:00 [scheduled]>, <TaskInstance: simple_greet.byeee scheduled__2026-06-03T16:00:00+00:00 [scheduled]>] for executor: SequentialExecutor(parallelism=32)
[2026-06-03T20:49:04.390+0300] {scheduler_job_runner.py:692} INFO - Sending TaskInstanceKey(dag_id='taskflow_etl2', task_id='second', run_id='scheduled__2026-06-03T16:00:00+00:00', try_number=1, map_index=-1) to SequentialExecutor with priority 2 and queue default
[2026-06-03T20:49:04.390+0300] {base_executor.py:169} INFO - Adding to queue: ['airflow', 'tasks', 'run', 'taskflow_etl2', 'second', 'scheduled__2026-06-03T16:00:00+00:00', '--local', '--subdir', '/home/karen/airflow/dags/etl_tf2.py']
[2026-06-03T20:49:04.391+0300] {scheduler_job_runner.py:692} INFO - Sending TaskInstanceKey(dag_id='Stocks_etl', task_id='transform', run_id='scheduled__2026-06-03T16:00:00+00:00', try_number=1, map_index=-1) to SequentialExecutor with priority 2 and queue default
[2026-06-03T20:49:04.391+0300] {base_executor.py:169} INFO - Adding to queue: ['airflow', 'tasks', 'run', 'Stocks_etl', 'transform', 'scheduled__2026-06-03T16:00:00+00:00', '--local', '--subdir', '/home/karen/airflow/dags/stock_etl_dag.py']
[2026-06-03T20:49:04.392+0300] {scheduler_job_runner.py:692} INFO - Sending TaskInstanceKey(dag_id='taskflow_etl2', task_id='third', run_id='scheduled__2026-06-03T13:00:00+00:00', try_number=1, map_index=-1) to SequentialExecutor with priority 1 and queue default
[2026-06-03T20:49:04.392+0300] {base_executor.py:169} INFO - Adding to queue: ['airflow', 'tasks', 'run', 'taskflow_etl2', 'third', 'scheduled__2026-06-03T13:00:00+00:00', '--local', '--subdir', '/home/karen/airflow/dags/etl_tf2.py']
[2026-06-03T20:49:04.392+0300] {scheduler_job_runner.py:692} INFO - Sending TaskInstanceKey(dag_id='simple_greet', task_id='byeee', run_id='scheduled__2026-06-03T16:00:00+00:00', try_number=1, map_index=-1) to SequentialExecutor with priority 1 and queue default
[2026-06-03T20:49:04.393+0300] {base_executor.py:169} INFO - Adding to queue: ['airflow', 'tasks', 'run', 'simple_greet', 'byeee', 'scheduled__2026-06-03T16:00:00+00:00', '--local', '--subdir', '/home/karen/airflow/dags/simple_dag.py']
[2026-06-03T20:49:04.426+0300] {sequential_executor.py:84} INFO - Executing command: ['airflow', 'tasks', 'run', 'taskflow_etl2', 'second', 'scheduled__2026-06-03T16:00:00+00:00', '--local', '--subdir', '/home/karen/airflow/dags/etl_tf2.py']
[2026-06-03T20:49:05.909+0300] {dagbag.py:588} INFO - Filling up the DagBag from /home/karen/airflow/dags/etl_tf2.py
[2026-06-03T20:49:06.123+0300] {task_command.py:467} INFO - Running <TaskInstance: taskflow_etl2.second scheduled__2026-06-03T16:00:00+00:00 [queued]> on host karen
[2026-06-03T20:49:07.020+0300] {sequential_executor.py:84} INFO - Executing command: ['airflow', 'tasks', 'run', 'Stocks_etl', 'transform', 'scheduled__2026-06-03T16:00:00+00:00', '--local', '--subdir', '/home/karen/airflow/dags/stock_etl_dag.py']
[2026-06-03T20:49:08.439+0300] {dagbag.py:588} INFO - Filling up the DagBag from /home/karen/airflow/dags/stock_etl_dag.py
[2026-06-03T20:49:09.033+0300] {task_command.py:467} INFO - Running <TaskInstance: Stocks_etl.transform scheduled__2026-06-03T16:00:00+00:00 [queued]> on host karen
[2026-06-03T20:49:09.962+0300] {sequential_executor.py:84} INFO - Executing command: ['airflow', 'tasks', 'run', 'taskflow_etl2', 'third', 'scheduled__2026-06-03T13:00:00+00:00', '--local', '--subdir', '/home/karen/airflow/dags/etl_tf2.py']
[2026-06-03T20:49:11.431+0300] {dagbag.py:588} INFO - Filling up the DagBag from /home/karen/airflow/dags/etl_tf2.py
[2026-06-03T20:49:11.651+0300] {task_command.py:467} INFO - Running <TaskInstance: taskflow_etl2.third scheduled__2026-06-03T13:00:00+00:00 [queued]> on host karen
[2026-06-03T20:49:12.555+0300] {sequential_executor.py:84} INFO - Executing command: ['airflow', 'tasks', 'run', 'simple_greet', 'byeee', 'scheduled__2026-06-03T16:00:00+00:00', '--local', '--subdir', '/home/karen/airflow/dags/simple_dag.py']
[2026-06-03T20:49:14.050+0300] {dagbag.py:588} INFO - Filling up the DagBag from /home/karen/airflow/dags/simple_dag.py
[2026-06-03T20:49:14.226+0300] {task_command.py:467} INFO - Running <TaskInstance: simple_greet.byeee scheduled__2026-06-03T16:00:00+00:00 [queued]> on host karen
[2026-06-03T20:49:15.119+0300] {scheduler_job_runner.py:776} INFO - Received executor event with state success for task instance TaskInstanceKey(dag_id='taskflow_etl2', task_id='second', run_id='scheduled__2026-06-03T16:00:00+00:00', try_number=1, map_index=-1)
[2026-06-03T20:49:15.120+0300] {scheduler_job_runner.py:776} INFO - Received executor event with state success for task instance TaskInstanceKey(dag_id='Stocks_etl', task_id='transform', run_id='scheduled__2026-06-03T16:00:00+00:00', try_number=1, map_index=-1)
[2026-06-03T20:49:15.120+0300] {scheduler_job_runner.py:776} INFO - Received executor event with state success for task instance TaskInstanceKey(dag_id='taskflow_etl2', task_id='third', run_id='scheduled__2026-06-03T13:00:00+00:00', try_number=1, map_index=-1)
[2026-06-03T20:49:15.121+0300] {scheduler_job_runner.py:776} INFO - Received executor event with state success for task instance TaskInstanceKey(dag_id='simple_greet', task_id='byeee', run_id='scheduled__2026-06-03T16:00:00+00:00', try_number=1, map_index=-1)
[2026-06-03T20:49:15.132+0300] {scheduler_job_runner.py:813} INFO - TaskInstance Finished: dag_id=taskflow_etl2, task_id=second, run_id=scheduled__2026-06-03T16:00:00+00:00, map_index=-1, run_start_date=2026-06-03 17:49:06.197994+00:00, run_end_date=2026-06-03 17:49:06.448742+00:00, run_duration=0.250748, state=success, executor=SequentialExecutor(parallelism=32), executor_state=success, try_number=1, max_tries=0, job_id=517, pool=default_pool, queue=default, priority_weight=2, operator=_PythonDecoratedOperator, queued_dttm=2026-06-03 17:49:04.387511+00:00, queued_by_job_id=507, pid=37255
[2026-06-03T20:49:15.132+0300] {scheduler_job_runner.py:813} INFO - TaskInstance Finished: dag_id=taskflow_etl2, task_id=third, run_id=scheduled__2026-06-03T13:00:00+00:00, map_index=-1, run_start_date=2026-06-03 17:49:11.731240+00:00, run_end_date=2026-06-03 17:49:11.995026+00:00, run_duration=0.263786, state=success, executor=SequentialExecutor(parallelism=32), executor_state=success, try_number=1, max_tries=0, job_id=519, pool=default_pool, queue=default, priority_weight=1, operator=_PythonDecoratedOperator, queued_dttm=2026-06-03 17:49:04.387511+00:00, queued_by_job_id=507, pid=37288
[2026-06-03T20:49:15.133+0300] {scheduler_job_runner.py:813} INFO - TaskInstance Finished: dag_id=simple_greet, task_id=byeee, run_id=scheduled__2026-06-03T16:00:00+00:00, map_index=-1, run_start_date=2026-06-03 17:49:14.300489+00:00, run_end_date=2026-06-03 17:49:14.577542+00:00, run_duration=0.277053, state=success, executor=SequentialExecutor(parallelism=32), executor_state=success, try_number=1, max_tries=0, job_id=520, pool=default_pool, queue=default, priority_weight=1, operator=PythonOperator, queued_dttm=2026-06-03 17:49:04.387511+00:00, queued_by_job_id=507, pid=37312
[2026-06-03T20:49:15.133+0300] {scheduler_job_runner.py:813} INFO - TaskInstance Finished: dag_id=Stocks_etl, task_id=transform, run_id=scheduled__2026-06-03T16:00:00+00:00, map_index=-1, run_start_date=2026-06-03 17:49:09.115350+00:00, run_end_date=2026-06-03 17:49:09.340956+00:00, run_duration=0.225606, state=failed, executor=SequentialExecutor(parallelism=32), executor_state=success, try_number=1, max_tries=0, job_id=518, pool=default_pool, queue=default, priority_weight=2, operator=_PythonDecoratedOperator, queued_dttm=2026-06-03 17:49:04.387511+00:00, queued_by_job_id=507, pid=37274
[2026-06-03T20:49:15.225+0300] {dag.py:4180} INFO - Setting next_dagrun for Stocks_etl to 2026-06-03 17:00:00+00:00, run_after=2026-06-03 18:00:00+00:00
[2026-06-03T20:49:15.229+0300] {dag.py:4180} INFO - Setting next_dagrun for simple_greet to 2026-06-03 17:00:00+00:00, run_after=2026-06-03 18:00:00+00:00
[2026-06-03T20:49:15.257+0300] {dagrun.py:823} ERROR - Marking run <DagRun Stocks_etl @ 2026-06-03 16:00:00+00:00: scheduled__2026-06-03T16:00:00+00:00, state:running, queued_at: 2026-06-03 17:48:40.910362+00:00. externally triggered: False> failed
[2026-06-03T20:49:15.258+0300] {dagrun.py:905} INFO - DagRun Finished: dag_id=Stocks_etl, execution_date=2026-06-03 16:00:00+00:00, run_id=scheduled__2026-06-03T16:00:00+00:00, run_start_date=2026-06-03 17:48:41.013443+00:00, run_end_date=2026-06-03 17:49:15.257997+00:00, run_duration=34.244554, state=failed, external_trigger=False, run_type=scheduled, data_interval_start=2026-06-03 16:00:00+00:00, data_interval_end=2026-06-03 17:00:00+00:00, dag_hash=eff921faf52227b633ce7649235875ff
[2026-06-03T20:49:15.263+0300] {dag.py:4180} INFO - Setting next_dagrun for Stocks_etl to 2026-06-03 17:00:00+00:00, run_after=2026-06-03 18:00:00+00:00
[2026-06-03T20:49:15.267+0300] {dagrun.py:854} INFO - Marking run <DagRun simple_greet @ 2026-06-03 16:00:00+00:00: scheduled__2026-06-03T16:00:00+00:00, state:running, queued_at: 2026-06-03 17:48:40.843208+00:00. externally triggered: False> successful
[2026-06-03T20:49:15.268+0300] {dagrun.py:905} INFO - DagRun Finished: dag_id=simple_greet, execution_date=2026-06-03 16:00:00+00:00, run_id=scheduled__2026-06-03T16:00:00+00:00, run_start_date=2026-06-03 17:48:41.014548+00:00, run_end_date=2026-06-03 17:49:15.268419+00:00, run_duration=34.253871, state=success, external_trigger=False, run_type=scheduled, data_interval_start=2026-06-03 16:00:00+00:00, data_interval_end=2026-06-03 17:00:00+00:00, dag_hash=1c5429059aab237dd126ee42dde4e143
[2026-06-03T20:49:15.274+0300] {dag.py:4180} INFO - Setting next_dagrun for simple_greet to 2026-06-03 17:00:00+00:00, run_after=2026-06-03 18:00:00+00:00
[2026-06-03T20:49:15.284+0300] {dagrun.py:854} INFO - Marking run <DagRun taskflow_etl2 @ 2026-06-03 13:00:00+00:00: scheduled__2026-06-03T13:00:00+00:00, state:running, queued_at: 2026-06-03 17:48:24.561626+00:00. externally triggered: False> successful
[2026-06-03T20:49:15.284+0300] {dagrun.py:905} INFO - DagRun Finished: dag_id=taskflow_etl2, execution_date=2026-06-03 13:00:00+00:00, run_id=scheduled__2026-06-03T13:00:00+00:00, run_start_date=2026-06-03 17:48:24.660669+00:00, run_end_date=2026-06-03 17:49:15.284440+00:00, run_duration=50.623771, state=success, external_trigger=False, run_type=scheduled, data_interval_start=2026-06-03 13:00:00+00:00, data_interval_end=2026-06-03 14:00:00+00:00, dag_hash=3f5613e354930c074e1c8a729b79a9f3
[2026-06-03T20:49:15.289+0300] {dag.py:4180} INFO - Setting next_dagrun for taskflow_etl2 to 2026-06-03 16:00:00+00:00, run_after=2026-06-03 17:00:00+00:00
[2026-06-03T20:49:15.316+0300] {scheduler_job_runner.py:435} INFO - 1 tasks up for execution:
	<TaskInstance: taskflow_etl2.third scheduled__2026-06-03T16:00:00+00:00 [scheduled]>
[2026-06-03T20:49:15.317+0300] {scheduler_job_runner.py:507} INFO - DAG taskflow_etl2 has 0/16 running and queued tasks
[2026-06-03T20:49:15.317+0300] {scheduler_job_runner.py:646} INFO - Setting the following tasks to queued state:
	<TaskInstance: taskflow_etl2.third scheduled__2026-06-03T16:00:00+00:00 [scheduled]>
[2026-06-03T20:49:15.319+0300] {scheduler_job_runner.py:748} INFO - Trying to enqueue tasks: [<TaskInstance: taskflow_etl2.third scheduled__2026-06-03T16:00:00+00:00 [scheduled]>] for executor: SequentialExecutor(parallelism=32)
[2026-06-03T20:49:15.320+0300] {scheduler_job_runner.py:692} INFO - Sending TaskInstanceKey(dag_id='taskflow_etl2', task_id='third', run_id='scheduled__2026-06-03T16:00:00+00:00', try_number=1, map_index=-1) to SequentialExecutor with priority 1 and queue default
[2026-06-03T20:49:15.320+0300] {base_executor.py:169} INFO - Adding to queue: ['airflow', 'tasks', 'run', 'taskflow_etl2', 'third', 'scheduled__2026-06-03T16:00:00+00:00', '--local', '--subdir', '/home/karen/airflow/dags/etl_tf2.py']
[2026-06-03T20:49:15.336+0300] {sequential_executor.py:84} INFO - Executing command: ['airflow', 'tasks', 'run', 'taskflow_etl2', 'third', 'scheduled__2026-06-03T16:00:00+00:00', '--local', '--subdir', '/home/karen/airflow/dags/etl_tf2.py']
[2026-06-03T20:49:16.855+0300] {dagbag.py:588} INFO - Filling up the DagBag from /home/karen/airflow/dags/etl_tf2.py
[2026-06-03T20:49:17.071+0300] {task_command.py:467} INFO - Running <TaskInstance: taskflow_etl2.third scheduled__2026-06-03T16:00:00+00:00 [queued]> on host karen
[2026-06-03T20:49:17.885+0300] {scheduler_job_runner.py:776} INFO - Received executor event with state success for task instance TaskInstanceKey(dag_id='taskflow_etl2', task_id='third', run_id='scheduled__2026-06-03T16:00:00+00:00', try_number=1, map_index=-1)
[2026-06-03T20:49:17.892+0300] {scheduler_job_runner.py:813} INFO - TaskInstance Finished: dag_id=taskflow_etl2, task_id=third, run_id=scheduled__2026-06-03T16:00:00+00:00, map_index=-1, run_start_date=2026-06-03 17:49:17.143812+00:00, run_end_date=2026-06-03 17:49:17.366908+00:00, run_duration=0.223096, state=success, executor=SequentialExecutor(parallelism=32), executor_state=success, try_number=1, max_tries=0, job_id=521, pool=default_pool, queue=default, priority_weight=1, operator=_PythonDecoratedOperator, queued_dttm=2026-06-03 17:49:15.318411+00:00, queued_by_job_id=507, pid=37327
[2026-06-03T20:49:17.921+0300] {dag.py:4180} INFO - Setting next_dagrun for taskflow_etl2 to 2026-06-03 17:00:00+00:00, run_after=2026-06-03 18:00:00+00:00
[2026-06-03T20:49:17.951+0300] {dagrun.py:854} INFO - Marking run <DagRun taskflow_etl2 @ 2026-06-03 16:00:00+00:00: scheduled__2026-06-03T16:00:00+00:00, state:running, queued_at: 2026-06-03 17:48:40.820545+00:00. externally triggered: False> successful
[2026-06-03T20:49:17.951+0300] {dagrun.py:905} INFO - DagRun Finished: dag_id=taskflow_etl2, execution_date=2026-06-03 16:00:00+00:00, run_id=scheduled__2026-06-03T16:00:00+00:00, run_start_date=2026-06-03 17:48:41.015602+00:00, run_end_date=2026-06-03 17:49:17.951460+00:00, run_duration=36.935858, state=success, external_trigger=False, run_type=scheduled, data_interval_start=2026-06-03 16:00:00+00:00, data_interval_end=2026-06-03 17:00:00+00:00, dag_hash=3f5613e354930c074e1c8a729b79a9f3
[2026-06-03T20:49:17.956+0300] {dag.py:4180} INFO - Setting next_dagrun for taskflow_etl2 to 2026-06-03 17:00:00+00:00, run_after=2026-06-03 18:00:00+00:00
[2026-06-03T20:53:08.860+0300] {scheduler_job_runner.py:1949} INFO - Adopting or resetting orphaned tasks for active dag runs
[2026-06-03T20:55:14.944+0300] {dag.py:4180} INFO - Setting next_dagrun for crypto_ingestion_dag to 2026-06-03 17:55:00+00:00, run_after=2026-06-03 18:00:00+00:00
[2026-06-03T20:55:15.078+0300] {dagrun.py:854} INFO - Marking run <DagRun crypto_ingestion_dag @ 2026-06-03 17:50:00+00:00: scheduled__2026-06-03T17:50:00+00:00, state:running, queued_at: 2026-06-03 17:55:14.939758+00:00. externally triggered: False> successful
[2026-06-03T20:55:15.078+0300] {dagrun.py:905} INFO - DagRun Finished: dag_id=crypto_ingestion_dag, execution_date=2026-06-03 17:50:00+00:00, run_id=scheduled__2026-06-03T17:50:00+00:00, run_start_date=2026-06-03 17:55:15.057101+00:00, run_end_date=2026-06-03 17:55:15.078879+00:00, run_duration=0.021778, state=success, external_trigger=False, run_type=scheduled, data_interval_start=2026-06-03 17:50:00+00:00, data_interval_end=2026-06-03 17:55:00+00:00, dag_hash=8c056a76a0470399cb96537728c26a85
[2026-06-03T20:55:15.081+0300] {dag.py:4180} INFO - Setting next_dagrun for crypto_ingestion_dag to 2026-06-03 17:55:00+00:00, run_after=2026-06-03 18:00:00+00:00
[2026-06-03T20:58:08.925+0300] {scheduler_job_runner.py:1949} INFO - Adopting or resetting orphaned tasks for active dag runs
[2026-06-03T20:58:34.559+0300] {dagrun.py:854} INFO - Marking run <DagRun crypto_ingestion_dag @ 2026-06-03 17:58:33.111308+00:00: manual__2026-06-03T17:58:33.111308+00:00, state:running, queued_at: 2026-06-03 17:58:33.127033+00:00. externally triggered: True> successful
[2026-06-03T20:58:34.560+0300] {dagrun.py:905} INFO - DagRun Finished: dag_id=crypto_ingestion_dag, execution_date=2026-06-03 17:58:33.111308+00:00, run_id=manual__2026-06-03T17:58:33.111308+00:00, run_start_date=2026-06-03 17:58:34.536236+00:00, run_end_date=2026-06-03 17:58:34.560742+00:00, run_duration=0.024506, state=success, external_trigger=True, run_type=manual, data_interval_start=2026-06-03 16:00:00+00:00, data_interval_end=2026-06-03 17:00:00+00:00, dag_hash=59864d4e8de3a253c36427af1aa58f4b
[2026-06-03T20:59:57.654+0300] {dagrun.py:854} INFO - Marking run <DagRun crypto_ingestion_dag @ 2026-06-03 17:59:56.850580+00:00: manual__2026-06-03T17:59:56.850580+00:00, state:running, queued_at: 2026-06-03 17:59:56.870003+00:00. externally triggered: True> successful
[2026-06-03T20:59:57.660+0300] {dagrun.py:905} INFO - DagRun Finished: dag_id=crypto_ingestion_dag, execution_date=2026-06-03 17:59:56.850580+00:00, run_id=manual__2026-06-03T17:59:56.850580+00:00, run_start_date=2026-06-03 17:59:57.615484+00:00, run_end_date=2026-06-03 17:59:57.659957+00:00, run_duration=0.044473, state=success, external_trigger=True, run_type=manual, data_interval_start=2026-06-03 16:00:00+00:00, data_interval_end=2026-06-03 17:00:00+00:00, dag_hash=59864d4e8de3a253c36427af1aa58f4b
[2026-06-03T21:00:01.426+0300] {dag.py:4180} INFO - Setting next_dagrun for crypto_ingestion_dag to 2026-06-03 18:00:00+00:00, run_after=2026-06-03 19:00:00+00:00
[2026-06-03T21:00:01.447+0300] {dag.py:4180} INFO - Setting next_dagrun for Stocks_etl to 2026-06-03 18:00:00+00:00, run_after=2026-06-03 19:00:00+00:00
[2026-06-03T21:00:01.456+0300] {dag.py:4180} INFO - Setting next_dagrun for simple_greet to 2026-06-03 18:00:00+00:00, run_after=2026-06-03 19:00:00+00:00
[2026-06-03T21:00:01.464+0300] {dag.py:4180} INFO - Setting next_dagrun for taskflow_etl2 to 2026-06-03 18:00:00+00:00, run_after=2026-06-03 19:00:00+00:00
[2026-06-03T21:00:01.562+0300] {dagrun.py:854} INFO - Marking run <DagRun crypto_ingestion_dag @ 2026-06-03 17:00:00+00:00: scheduled__2026-06-03T17:00:00+00:00, state:running, queued_at: 2026-06-03 18:00:01.417612+00:00. externally triggered: False> successful
[2026-06-03T21:00:01.562+0300] {dagrun.py:905} INFO - DagRun Finished: dag_id=crypto_ingestion_dag, execution_date=2026-06-03 17:00:00+00:00, run_id=scheduled__2026-06-03T17:00:00+00:00, run_start_date=2026-06-03 18:00:01.528624+00:00, run_end_date=2026-06-03 18:00:01.562732+00:00, run_duration=0.034108, state=success, external_trigger=False, run_type=scheduled, data_interval_start=2026-06-03 17:00:00+00:00, data_interval_end=2026-06-03 18:00:00+00:00, dag_hash=59864d4e8de3a253c36427af1aa58f4b
[2026-06-03T21:00:01.567+0300] {dag.py:4180} INFO - Setting next_dagrun for crypto_ingestion_dag to 2026-06-03 18:00:00+00:00, run_after=2026-06-03 19:00:00+00:00
[2026-06-03T21:00:01.615+0300] {scheduler_job_runner.py:435} INFO - 3 tasks up for execution:
	<TaskInstance: Stocks_etl.extract scheduled__2026-06-03T17:00:00+00:00 [scheduled]>
	<TaskInstance: taskflow_etl2.first scheduled__2026-06-03T17:00:00+00:00 [scheduled]>
	<TaskInstance: simple_greet.greetings scheduled__2026-06-03T17:00:00+00:00 [scheduled]>
[2026-06-03T21:00:01.616+0300] {scheduler_job_runner.py:507} INFO - DAG Stocks_etl has 0/16 running and queued tasks
[2026-06-03T21:00:01.616+0300] {scheduler_job_runner.py:507} INFO - DAG taskflow_etl2 has 0/16 running and queued tasks
[2026-06-03T21:00:01.617+0300] {scheduler_job_runner.py:507} INFO - DAG simple_greet has 0/16 running and queued tasks
[2026-06-03T21:00:01.617+0300] {scheduler_job_runner.py:646} INFO - Setting the following tasks to queued state:
	<TaskInstance: Stocks_etl.extract scheduled__2026-06-03T17:00:00+00:00 [scheduled]>
	<TaskInstance: taskflow_etl2.first scheduled__2026-06-03T17:00:00+00:00 [scheduled]>
	<TaskInstance: simple_greet.greetings scheduled__2026-06-03T17:00:00+00:00 [scheduled]>
[2026-06-03T21:00:01.620+0300] {scheduler_job_runner.py:748} INFO - Trying to enqueue tasks: [<TaskInstance: Stocks_etl.extract scheduled__2026-06-03T17:00:00+00:00 [scheduled]>, <TaskInstance: taskflow_etl2.first scheduled__2026-06-03T17:00:00+00:00 [scheduled]>, <TaskInstance: simple_greet.greetings scheduled__2026-06-03T17:00:00+00:00 [scheduled]>] for executor: SequentialExecutor(parallelism=32)
[2026-06-03T21:00:01.620+0300] {scheduler_job_runner.py:692} INFO - Sending TaskInstanceKey(dag_id='Stocks_etl', task_id='extract', run_id='scheduled__2026-06-03T17:00:00+00:00', try_number=1, map_index=-1) to SequentialExecutor with priority 3 and queue default
[2026-06-03T21:00:01.620+0300] {base_executor.py:169} INFO - Adding to queue: ['airflow', 'tasks', 'run', 'Stocks_etl', 'extract', 'scheduled__2026-06-03T17:00:00+00:00', '--local', '--subdir', '/home/karen/airflow/dags/stock_etl_dag.py']
[2026-06-03T21:00:01.621+0300] {scheduler_job_runner.py:692} INFO - Sending TaskInstanceKey(dag_id='taskflow_etl2', task_id='first', run_id='scheduled__2026-06-03T17:00:00+00:00', try_number=1, map_index=-1) to SequentialExecutor with priority 3 and queue default
[2026-06-03T21:00:01.621+0300] {base_executor.py:169} INFO - Adding to queue: ['airflow', 'tasks', 'run', 'taskflow_etl2', 'first', 'scheduled__2026-06-03T17:00:00+00:00', '--local', '--subdir', '/home/karen/airflow/dags/etl_tf2.py']
[2026-06-03T21:00:01.621+0300] {scheduler_job_runner.py:692} INFO - Sending TaskInstanceKey(dag_id='simple_greet', task_id='greetings', run_id='scheduled__2026-06-03T17:00:00+00:00', try_number=1, map_index=-1) to SequentialExecutor with priority 2 and queue default
[2026-06-03T21:00:01.622+0300] {base_executor.py:169} INFO - Adding to queue: ['airflow', 'tasks', 'run', 'simple_greet', 'greetings', 'scheduled__2026-06-03T17:00:00+00:00', '--local', '--subdir', '/home/karen/airflow/dags/simple_dag.py']
[2026-06-03T21:00:01.657+0300] {sequential_executor.py:84} INFO - Executing command: ['airflow', 'tasks', 'run', 'Stocks_etl', 'extract', 'scheduled__2026-06-03T17:00:00+00:00', '--local', '--subdir', '/home/karen/airflow/dags/stock_etl_dag.py']
[2026-06-03T21:00:03.617+0300] {dagbag.py:588} INFO - Filling up the DagBag from /home/karen/airflow/dags/stock_etl_dag.py
[2026-06-03T21:00:04.405+0300] {task_command.py:467} INFO - Running <TaskInstance: Stocks_etl.extract scheduled__2026-06-03T17:00:00+00:00 [queued]> on host karen
[2026-06-03T21:00:13.044+0300] {sequential_executor.py:84} INFO - Executing command: ['airflow', 'tasks', 'run', 'taskflow_etl2', 'first', 'scheduled__2026-06-03T17:00:00+00:00', '--local', '--subdir', '/home/karen/airflow/dags/etl_tf2.py']
[2026-06-03T21:00:14.511+0300] {dagbag.py:588} INFO - Filling up the DagBag from /home/karen/airflow/dags/etl_tf2.py
[2026-06-03T21:00:14.707+0300] {task_command.py:467} INFO - Running <TaskInstance: taskflow_etl2.first scheduled__2026-06-03T17:00:00+00:00 [queued]> on host karen
[2026-06-03T21:00:15.540+0300] {sequential_executor.py:84} INFO - Executing command: ['airflow', 'tasks', 'run', 'simple_greet', 'greetings', 'scheduled__2026-06-03T17:00:00+00:00', '--local', '--subdir', '/home/karen/airflow/dags/simple_dag.py']
[2026-06-03T21:00:16.984+0300] {dagbag.py:588} INFO - Filling up the DagBag from /home/karen/airflow/dags/simple_dag.py
[2026-06-03T21:00:17.160+0300] {task_command.py:467} INFO - Running <TaskInstance: simple_greet.greetings scheduled__2026-06-03T17:00:00+00:00 [queued]> on host karen
[2026-06-03T21:00:18.124+0300] {scheduler_job_runner.py:776} INFO - Received executor event with state success for task instance TaskInstanceKey(dag_id='Stocks_etl', task_id='extract', run_id='scheduled__2026-06-03T17:00:00+00:00', try_number=1, map_index=-1)
[2026-06-03T21:00:18.124+0300] {scheduler_job_runner.py:776} INFO - Received executor event with state success for task instance TaskInstanceKey(dag_id='taskflow_etl2', task_id='first', run_id='scheduled__2026-06-03T17:00:00+00:00', try_number=1, map_index=-1)
[2026-06-03T21:00:18.125+0300] {scheduler_job_runner.py:776} INFO - Received executor event with state success for task instance TaskInstanceKey(dag_id='simple_greet', task_id='greetings', run_id='scheduled__2026-06-03T17:00:00+00:00', try_number=1, map_index=-1)
[2026-06-03T21:00:18.130+0300] {scheduler_job_runner.py:813} INFO - TaskInstance Finished: dag_id=taskflow_etl2, task_id=first, run_id=scheduled__2026-06-03T17:00:00+00:00, map_index=-1, run_start_date=2026-06-03 18:00:14.777888+00:00, run_end_date=2026-06-03 18:00:14.998702+00:00, run_duration=0.220814, state=success, executor=SequentialExecutor(parallelism=32), executor_state=success, try_number=1, max_tries=0, job_id=523, pool=default_pool, queue=default, priority_weight=3, operator=_PythonDecoratedOperator, queued_dttm=2026-06-03 18:00:01.618504+00:00, queued_by_job_id=507, pid=40767
[2026-06-03T21:00:18.130+0300] {scheduler_job_runner.py:813} INFO - TaskInstance Finished: dag_id=simple_greet, task_id=greetings, run_id=scheduled__2026-06-03T17:00:00+00:00, map_index=-1, run_start_date=2026-06-03 18:00:17.330197+00:00, run_end_date=2026-06-03 18:00:17.603561+00:00, run_duration=0.273364, state=success, executor=SequentialExecutor(parallelism=32), executor_state=success, try_number=1, max_tries=0, job_id=524, pool=default_pool, queue=default, priority_weight=2, operator=PythonOperator, queued_dttm=2026-06-03 18:00:01.618504+00:00, queued_by_job_id=507, pid=40783
[2026-06-03T21:00:18.131+0300] {scheduler_job_runner.py:813} INFO - TaskInstance Finished: dag_id=Stocks_etl, task_id=extract, run_id=scheduled__2026-06-03T17:00:00+00:00, map_index=-1, run_start_date=2026-06-03 18:00:04.475942+00:00, run_end_date=2026-06-03 18:00:12.443368+00:00, run_duration=7.967426, state=success, executor=SequentialExecutor(parallelism=32), executor_state=success, try_number=1, max_tries=0, job_id=522, pool=default_pool, queue=default, priority_weight=3, operator=_PythonDecoratedOperator, queued_dttm=2026-06-03 18:00:01.618504+00:00, queued_by_job_id=507, pid=40710
[2026-06-03T21:00:18.262+0300] {scheduler_job_runner.py:435} INFO - 3 tasks up for execution:
	<TaskInstance: Stocks_etl.transform scheduled__2026-06-03T17:00:00+00:00 [scheduled]>
	<TaskInstance: taskflow_etl2.second scheduled__2026-06-03T17:00:00+00:00 [scheduled]>
	<TaskInstance: simple_greet.byeee scheduled__2026-06-03T17:00:00+00:00 [scheduled]>
[2026-06-03T21:00:18.263+0300] {scheduler_job_runner.py:507} INFO - DAG Stocks_etl has 0/16 running and queued tasks
[2026-06-03T21:00:18.263+0300] {scheduler_job_runner.py:507} INFO - DAG taskflow_etl2 has 0/16 running and queued tasks
[2026-06-03T21:00:18.263+0300] {scheduler_job_runner.py:507} INFO - DAG simple_greet has 0/16 running and queued tasks
[2026-06-03T21:00:18.264+0300] {scheduler_job_runner.py:646} INFO - Setting the following tasks to queued state:
	<TaskInstance: Stocks_etl.transform scheduled__2026-06-03T17:00:00+00:00 [scheduled]>
	<TaskInstance: taskflow_etl2.second scheduled__2026-06-03T17:00:00+00:00 [scheduled]>
	<TaskInstance: simple_greet.byeee scheduled__2026-06-03T17:00:00+00:00 [scheduled]>
[2026-06-03T21:00:18.267+0300] {scheduler_job_runner.py:748} INFO - Trying to enqueue tasks: [<TaskInstance: Stocks_etl.transform scheduled__2026-06-03T17:00:00+00:00 [scheduled]>, <TaskInstance: taskflow_etl2.second scheduled__2026-06-03T17:00:00+00:00 [scheduled]>, <TaskInstance: simple_greet.byeee scheduled__2026-06-03T17:00:00+00:00 [scheduled]>] for executor: SequentialExecutor(parallelism=32)
[2026-06-03T21:00:18.268+0300] {scheduler_job_runner.py:692} INFO - Sending TaskInstanceKey(dag_id='Stocks_etl', task_id='transform', run_id='scheduled__2026-06-03T17:00:00+00:00', try_number=1, map_index=-1) to SequentialExecutor with priority 2 and queue default
[2026-06-03T21:00:18.268+0300] {base_executor.py:169} INFO - Adding to queue: ['airflow', 'tasks', 'run', 'Stocks_etl', 'transform', 'scheduled__2026-06-03T17:00:00+00:00', '--local', '--subdir', '/home/karen/airflow/dags/stock_etl_dag.py']
[2026-06-03T21:00:18.269+0300] {scheduler_job_runner.py:692} INFO - Sending TaskInstanceKey(dag_id='taskflow_etl2', task_id='second', run_id='scheduled__2026-06-03T17:00:00+00:00', try_number=1, map_index=-1) to SequentialExecutor with priority 2 and queue default
[2026-06-03T21:00:18.269+0300] {base_executor.py:169} INFO - Adding to queue: ['airflow', 'tasks', 'run', 'taskflow_etl2', 'second', 'scheduled__2026-06-03T17:00:00+00:00', '--local', '--subdir', '/home/karen/airflow/dags/etl_tf2.py']
[2026-06-03T21:00:18.270+0300] {scheduler_job_runner.py:692} INFO - Sending TaskInstanceKey(dag_id='simple_greet', task_id='byeee', run_id='scheduled__2026-06-03T17:00:00+00:00', try_number=1, map_index=-1) to SequentialExecutor with priority 1 and queue default
[2026-06-03T21:00:18.270+0300] {base_executor.py:169} INFO - Adding to queue: ['airflow', 'tasks', 'run', 'simple_greet', 'byeee', 'scheduled__2026-06-03T17:00:00+00:00', '--local', '--subdir', '/home/karen/airflow/dags/simple_dag.py']
[2026-06-03T21:00:18.290+0300] {sequential_executor.py:84} INFO - Executing command: ['airflow', 'tasks', 'run', 'Stocks_etl', 'transform', 'scheduled__2026-06-03T17:00:00+00:00', '--local', '--subdir', '/home/karen/airflow/dags/stock_etl_dag.py']
[2026-06-03T21:00:19.722+0300] {dagbag.py:588} INFO - Filling up the DagBag from /home/karen/airflow/dags/stock_etl_dag.py
[2026-06-03T21:00:20.320+0300] {task_command.py:467} INFO - Running <TaskInstance: Stocks_etl.transform scheduled__2026-06-03T17:00:00+00:00 [queued]> on host karen
[2026-06-03T21:00:21.540+0300] {sequential_executor.py:84} INFO - Executing command: ['airflow', 'tasks', 'run', 'taskflow_etl2', 'second', 'scheduled__2026-06-03T17:00:00+00:00', '--local', '--subdir', '/home/karen/airflow/dags/etl_tf2.py']
[2026-06-03T21:00:23.072+0300] {dagbag.py:588} INFO - Filling up the DagBag from /home/karen/airflow/dags/etl_tf2.py
[2026-06-03T21:00:23.287+0300] {task_command.py:467} INFO - Running <TaskInstance: taskflow_etl2.second scheduled__2026-06-03T17:00:00+00:00 [queued]> on host karen
[2026-06-03T21:00:24.109+0300] {sequential_executor.py:84} INFO - Executing command: ['airflow', 'tasks', 'run', 'simple_greet', 'byeee', 'scheduled__2026-06-03T17:00:00+00:00', '--local', '--subdir', '/home/karen/airflow/dags/simple_dag.py']
[2026-06-03T21:00:25.777+0300] {dagbag.py:588} INFO - Filling up the DagBag from /home/karen/airflow/dags/simple_dag.py
[2026-06-03T21:00:25.948+0300] {task_command.py:467} INFO - Running <TaskInstance: simple_greet.byeee scheduled__2026-06-03T17:00:00+00:00 [queued]> on host karen
[2026-06-03T21:00:27.044+0300] {scheduler_job_runner.py:776} INFO - Received executor event with state success for task instance TaskInstanceKey(dag_id='Stocks_etl', task_id='transform', run_id='scheduled__2026-06-03T17:00:00+00:00', try_number=1, map_index=-1)
[2026-06-03T21:00:27.044+0300] {scheduler_job_runner.py:776} INFO - Received executor event with state success for task instance TaskInstanceKey(dag_id='taskflow_etl2', task_id='second', run_id='scheduled__2026-06-03T17:00:00+00:00', try_number=1, map_index=-1)
[2026-06-03T21:00:27.045+0300] {scheduler_job_runner.py:776} INFO - Received executor event with state success for task instance TaskInstanceKey(dag_id='simple_greet', task_id='byeee', run_id='scheduled__2026-06-03T17:00:00+00:00', try_number=1, map_index=-1)
[2026-06-03T21:00:27.049+0300] {scheduler_job_runner.py:813} INFO - TaskInstance Finished: dag_id=taskflow_etl2, task_id=second, run_id=scheduled__2026-06-03T17:00:00+00:00, map_index=-1, run_start_date=2026-06-03 18:00:23.357696+00:00, run_end_date=2026-06-03 18:00:23.586684+00:00, run_duration=0.228988, state=success, executor=SequentialExecutor(parallelism=32), executor_state=success, try_number=1, max_tries=0, job_id=526, pool=default_pool, queue=default, priority_weight=2, operator=_PythonDecoratedOperator, queued_dttm=2026-06-03 18:00:18.265935+00:00, queued_by_job_id=507, pid=40825
[2026-06-03T21:00:27.050+0300] {scheduler_job_runner.py:813} INFO - TaskInstance Finished: dag_id=simple_greet, task_id=byeee, run_id=scheduled__2026-06-03T17:00:00+00:00, map_index=-1, run_start_date=2026-06-03 18:00:26.022770+00:00, run_end_date=2026-06-03 18:00:26.527584+00:00, run_duration=0.504814, state=success, executor=SequentialExecutor(parallelism=32), executor_state=success, try_number=1, max_tries=0, job_id=527, pool=default_pool, queue=default, priority_weight=1, operator=PythonOperator, queued_dttm=2026-06-03 18:00:18.265935+00:00, queued_by_job_id=507, pid=40839
[2026-06-03T21:00:27.051+0300] {scheduler_job_runner.py:813} INFO - TaskInstance Finished: dag_id=Stocks_etl, task_id=transform, run_id=scheduled__2026-06-03T17:00:00+00:00, map_index=-1, run_start_date=2026-06-03 18:00:20.444813+00:00, run_end_date=2026-06-03 18:00:20.706237+00:00, run_duration=0.261424, state=failed, executor=SequentialExecutor(parallelism=32), executor_state=success, try_number=1, max_tries=0, job_id=525, pool=default_pool, queue=default, priority_weight=2, operator=_PythonDecoratedOperator, queued_dttm=2026-06-03 18:00:18.265935+00:00, queued_by_job_id=507, pid=40811
[2026-06-03T21:00:27.621+0300] {dag.py:4180} INFO - Setting next_dagrun for crypto_ingestion_dag to 2026-06-03 18:00:00+00:00, run_after=2026-06-03 19:00:00+00:00
[2026-06-03T21:00:27.651+0300] {dagrun.py:823} ERROR - Marking run <DagRun Stocks_etl @ 2026-06-03 17:00:00+00:00: scheduled__2026-06-03T17:00:00+00:00, state:running, queued_at: 2026-06-03 18:00:01.428040+00:00. externally triggered: False> failed
[2026-06-03T21:00:27.652+0300] {dagrun.py:905} INFO - DagRun Finished: dag_id=Stocks_etl, execution_date=2026-06-03 17:00:00+00:00, run_id=scheduled__2026-06-03T17:00:00+00:00, run_start_date=2026-06-03 18:00:01.527649+00:00, run_end_date=2026-06-03 18:00:27.652158+00:00, run_duration=26.124509, state=failed, external_trigger=False, run_type=scheduled, data_interval_start=2026-06-03 17:00:00+00:00, data_interval_end=2026-06-03 18:00:00+00:00, dag_hash=eff921faf52227b633ce7649235875ff
[2026-06-03T21:00:27.657+0300] {dag.py:4180} INFO - Setting next_dagrun for Stocks_etl to 2026-06-03 18:00:00+00:00, run_after=2026-06-03 19:00:00+00:00
[2026-06-03T21:00:27.661+0300] {dagrun.py:854} INFO - Marking run <DagRun simple_greet @ 2026-06-03 17:00:00+00:00: scheduled__2026-06-03T17:00:00+00:00, state:running, queued_at: 2026-06-03 18:00:01.448881+00:00. externally triggered: False> successful
[2026-06-03T21:00:27.662+0300] {dagrun.py:905} INFO - DagRun Finished: dag_id=simple_greet, execution_date=2026-06-03 17:00:00+00:00, run_id=scheduled__2026-06-03T17:00:00+00:00, run_start_date=2026-06-03 18:00:01.529424+00:00, run_end_date=2026-06-03 18:00:27.662103+00:00, run_duration=26.132679, state=success, external_trigger=False, run_type=scheduled, data_interval_start=2026-06-03 17:00:00+00:00, data_interval_end=2026-06-03 18:00:00+00:00, dag_hash=1c5429059aab237dd126ee42dde4e143
[2026-06-03T21:00:27.667+0300] {dag.py:4180} INFO - Setting next_dagrun for simple_greet to 2026-06-03 18:00:00+00:00, run_after=2026-06-03 19:00:00+00:00
[2026-06-03T21:00:27.696+0300] {scheduler_job_runner.py:435} INFO - 1 tasks up for execution:
	<TaskInstance: taskflow_etl2.third scheduled__2026-06-03T17:00:00+00:00 [scheduled]>
[2026-06-03T21:00:27.696+0300] {scheduler_job_runner.py:507} INFO - DAG taskflow_etl2 has 0/16 running and queued tasks
[2026-06-03T21:00:27.697+0300] {scheduler_job_runner.py:646} INFO - Setting the following tasks to queued state:
	<TaskInstance: taskflow_etl2.third scheduled__2026-06-03T17:00:00+00:00 [scheduled]>
[2026-06-03T21:00:27.699+0300] {scheduler_job_runner.py:748} INFO - Trying to enqueue tasks: [<TaskInstance: taskflow_etl2.third scheduled__2026-06-03T17:00:00+00:00 [scheduled]>] for executor: SequentialExecutor(parallelism=32)
[2026-06-03T21:00:27.700+0300] {scheduler_job_runner.py:692} INFO - Sending TaskInstanceKey(dag_id='taskflow_etl2', task_id='third', run_id='scheduled__2026-06-03T17:00:00+00:00', try_number=1, map_index=-1) to SequentialExecutor with priority 1 and queue default
[2026-06-03T21:00:27.700+0300] {base_executor.py:169} INFO - Adding to queue: ['airflow', 'tasks', 'run', 'taskflow_etl2', 'third', 'scheduled__2026-06-03T17:00:00+00:00', '--local', '--subdir', '/home/karen/airflow/dags/etl_tf2.py']
[2026-06-03T21:00:27.716+0300] {sequential_executor.py:84} INFO - Executing command: ['airflow', 'tasks', 'run', 'taskflow_etl2', 'third', 'scheduled__2026-06-03T17:00:00+00:00', '--local', '--subdir', '/home/karen/airflow/dags/etl_tf2.py']
[2026-06-03T21:00:29.167+0300] {dagbag.py:588} INFO - Filling up the DagBag from /home/karen/airflow/dags/etl_tf2.py
[2026-06-03T21:00:29.518+0300] {task_command.py:467} INFO - Running <TaskInstance: taskflow_etl2.third scheduled__2026-06-03T17:00:00+00:00 [queued]> on host karen
[2026-06-03T21:00:30.339+0300] {scheduler_job_runner.py:776} INFO - Received executor event with state success for task instance TaskInstanceKey(dag_id='taskflow_etl2', task_id='third', run_id='scheduled__2026-06-03T17:00:00+00:00', try_number=1, map_index=-1)
[2026-06-03T21:00:30.344+0300] {scheduler_job_runner.py:813} INFO - TaskInstance Finished: dag_id=taskflow_etl2, task_id=third, run_id=scheduled__2026-06-03T17:00:00+00:00, map_index=-1, run_start_date=2026-06-03 18:00:29.591767+00:00, run_end_date=2026-06-03 18:00:29.821494+00:00, run_duration=0.229727, state=success, executor=SequentialExecutor(parallelism=32), executor_state=success, try_number=1, max_tries=0, job_id=528, pool=default_pool, queue=default, priority_weight=1, operator=_PythonDecoratedOperator, queued_dttm=2026-06-03 18:00:27.697780+00:00, queued_by_job_id=507, pid=40868
[2026-06-03T21:00:30.387+0300] {dagrun.py:854} INFO - Marking run <DagRun taskflow_etl2 @ 2026-06-03 17:00:00+00:00: scheduled__2026-06-03T17:00:00+00:00, state:running, queued_at: 2026-06-03 18:00:01.458153+00:00. externally triggered: False> successful
[2026-06-03T21:00:30.387+0300] {dagrun.py:905} INFO - DagRun Finished: dag_id=taskflow_etl2, execution_date=2026-06-03 17:00:00+00:00, run_id=scheduled__2026-06-03T17:00:00+00:00, run_start_date=2026-06-03 18:00:01.530186+00:00, run_end_date=2026-06-03 18:00:30.387673+00:00, run_duration=28.857487, state=success, external_trigger=False, run_type=scheduled, data_interval_start=2026-06-03 17:00:00+00:00, data_interval_end=2026-06-03 18:00:00+00:00, dag_hash=3f5613e354930c074e1c8a729b79a9f3
[2026-06-03T21:00:30.393+0300] {dag.py:4180} INFO - Setting next_dagrun for taskflow_etl2 to 2026-06-03 18:00:00+00:00, run_after=2026-06-03 19:00:00+00:00
[2026-06-03T21:00:59.665+0300] {dag.py:4180} INFO - Setting next_dagrun for crypto_ingestion_dag to 2026-06-03 18:00:00+00:00, run_after=2026-06-03 19:00:00+00:00
[2026-06-03T21:01:31.102+0300] {dag.py:4180} INFO - Setting next_dagrun for crypto_ingestion_dag to 2026-06-03 18:00:00+00:00, run_after=2026-06-03 19:00:00+00:00
[2026-06-03T21:02:01.787+0300] {dag.py:4180} INFO - Setting next_dagrun for crypto_ingestion_dag to 2026-06-03 18:00:00+00:00, run_after=2026-06-03 19:00:00+00:00
[2026-06-03T21:02:32.474+0300] {dag.py:4180} INFO - Setting next_dagrun for crypto_ingestion_dag to 2026-06-03 18:00:00+00:00, run_after=2026-06-03 19:00:00+00:00
[2026-06-03T21:03:03.141+0300] {dag.py:4180} INFO - Setting next_dagrun for crypto_ingestion_dag to 2026-06-03 18:00:00+00:00, run_after=2026-06-03 19:00:00+00:00
[2026-06-03T21:03:08.997+0300] {scheduler_job_runner.py:1949} INFO - Adopting or resetting orphaned tasks for active dag runs
[2026-06-03T21:03:33.788+0300] {dag.py:4180} INFO - Setting next_dagrun for crypto_ingestion_dag to 2026-06-03 18:00:00+00:00, run_after=2026-06-03 19:00:00+00:00
[2026-06-03T21:04:04.758+0300] {dag.py:4180} INFO - Setting next_dagrun for crypto_ingestion_dag to 2026-06-03 18:00:00+00:00, run_after=2026-06-03 19:00:00+00:00
[2026-06-03T21:04:35.394+0300] {dag.py:4180} INFO - Setting next_dagrun for crypto_ingestion_dag to 2026-06-03 18:00:00+00:00, run_after=2026-06-03 19:00:00+00:00
[2026-06-03T21:05:06.029+0300] {dag.py:4180} INFO - Setting next_dagrun for crypto_ingestion_dag to 2026-06-03 18:00:00+00:00, run_after=2026-06-03 19:00:00+00:00
[2026-06-03T21:05:36.653+0300] {dag.py:4180} INFO - Setting next_dagrun for crypto_ingestion_dag to 2026-06-03 18:00:00+00:00, run_after=2026-06-03 19:00:00+00:00
[2026-06-03T21:06:07.276+0300] {dag.py:4180} INFO - Setting next_dagrun for crypto_ingestion_dag to 2026-06-03 18:00:00+00:00, run_after=2026-06-03 19:00:00+00:00
[2026-06-03T21:06:37.902+0300] {dag.py:4180} INFO - Setting next_dagrun for crypto_ingestion_dag to 2026-06-03 18:00:00+00:00, run_after=2026-06-03 19:00:00+00:00
[2026-06-03T21:07:08.741+0300] {dag.py:4180} INFO - Setting next_dagrun for crypto_ingestion_dag to 2026-06-03 18:00:00+00:00, run_after=2026-06-03 19:00:00+00:00
[2026-06-03T21:07:39.569+0300] {dag.py:4180} INFO - Setting next_dagrun for crypto_ingestion_dag to 2026-06-03 18:00:00+00:00, run_after=2026-06-03 19:00:00+00:00
[2026-06-03T21:08:09.065+0300] {scheduler_job_runner.py:1949} INFO - Adopting or resetting orphaned tasks for active dag runs
[2026-06-03T21:08:10.192+0300] {dag.py:4180} INFO - Setting next_dagrun for crypto_ingestion_dag to 2026-06-03 18:00:00+00:00, run_after=2026-06-03 19:00:00+00:00
[2026-06-03T21:08:40.912+0300] {dag.py:4180} INFO - Setting next_dagrun for crypto_ingestion_dag to 2026-06-03 18:00:00+00:00, run_after=2026-06-03 19:00:00+00:00
[2026-06-03T21:09:01.108+0300] {dagrun.py:854} INFO - Marking run <DagRun crypto_ingestion_dag @ 2026-06-03 18:09:00.624222+00:00: manual__2026-06-03T18:09:00.624222+00:00, state:running, queued_at: 2026-06-03 18:09:00.643621+00:00. externally triggered: True> successful
[2026-06-03T21:09:01.109+0300] {dagrun.py:905} INFO - DagRun Finished: dag_id=crypto_ingestion_dag, execution_date=2026-06-03 18:09:00.624222+00:00, run_id=manual__2026-06-03T18:09:00.624222+00:00, run_start_date=2026-06-03 18:09:01.069345+00:00, run_end_date=2026-06-03 18:09:01.109702+00:00, run_duration=0.040357, state=success, external_trigger=True, run_type=manual, data_interval_start=2026-06-03 17:00:00+00:00, data_interval_end=2026-06-03 18:00:00+00:00, dag_hash=59864d4e8de3a253c36427af1aa58f4b
[2026-06-03T21:09:11.657+0300] {dag.py:4180} INFO - Setting next_dagrun for crypto_ingestion_dag to 2026-06-03 18:00:00+00:00, run_after=2026-06-03 19:00:00+00:00
[2026-06-03T21:09:42.261+0300] {dag.py:4180} INFO - Setting next_dagrun for crypto_ingestion_dag to 2026-06-03 18:00:00+00:00, run_after=2026-06-03 19:00:00+00:00
[2026-06-03T21:10:15.694+0300] {dag.py:4180} INFO - Setting next_dagrun for crypto_ingestion_dag to 2026-06-03 18:10:00+00:00, run_after=2026-06-03 18:15:00+00:00
[2026-06-03T21:10:15.743+0300] {dagrun.py:854} INFO - Marking run <DagRun crypto_ingestion_dag @ 2026-06-03 18:05:00+00:00: scheduled__2026-06-03T18:05:00+00:00, state:running, queued_at: 2026-06-03 18:10:15.691046+00:00. externally triggered: False> successful
[2026-06-03T21:10:15.744+0300] {dagrun.py:905} INFO - DagRun Finished: dag_id=crypto_ingestion_dag, execution_date=2026-06-03 18:05:00+00:00, run_id=scheduled__2026-06-03T18:05:00+00:00, run_start_date=2026-06-03 18:10:15.724013+00:00, run_end_date=2026-06-03 18:10:15.744209+00:00, run_duration=0.020196, state=success, external_trigger=False, run_type=scheduled, data_interval_start=2026-06-03 18:05:00+00:00, data_interval_end=2026-06-03 18:10:00+00:00, dag_hash=8c056a76a0470399cb96537728c26a85
[2026-06-03T21:10:15.747+0300] {dag.py:4180} INFO - Setting next_dagrun for crypto_ingestion_dag to 2026-06-03 18:10:00+00:00, run_after=2026-06-03 18:15:00+00:00
[2026-06-03T21:13:09.135+0300] {scheduler_job_runner.py:1949} INFO - Adopting or resetting orphaned tasks for active dag runs
[2026-06-03T21:18:09.195+0300] {scheduler_job_runner.py:1949} INFO - Adopting or resetting orphaned tasks for active dag runs
[2026-06-03T21:22:39.929+0300] {scheduler_job_runner.py:272} INFO - Exiting gracefully upon receiving signal 15
[2026-06-03T21:22:40.738+0300] {process_utils.py:132} INFO - Sending Signals.SIGTERM to group 36916. PIDs of all processes in the group: []
[2026-06-03T21:22:40.739+0300] {process_utils.py:87} INFO - Sending the signal Signals.SIGTERM to group 36916
[2026-06-03T21:22:40.740+0300] {process_utils.py:101} INFO - Sending the signal Signals.SIGTERM to process 36916 as process group is missing.
[2026-06-03T21:22:40.743+0300] {process_utils.py:132} INFO - Sending Signals.SIGTERM to group 36916. PIDs of all processes in the group: []
[2026-06-03T21:22:40.743+0300] {process_utils.py:87} INFO - Sending the signal Signals.SIGTERM to group 36916
[2026-06-03T21:22:40.744+0300] {process_utils.py:101} INFO - Sending the signal Signals.SIGTERM to process 36916 as process group is missing.
[2026-06-03T21:22:40.751+0300] {scheduler_job_runner.py:1029} INFO - Exited execute loop
[2026-06-03 21:22:40 +0300] [36914] [INFO] Handling signal: term
[2026-06-03 21:22:40 +0300] [36915] [INFO] Worker exiting (pid: 36915)
[2026-06-03 21:22:40 +0300] [36917] [INFO] Worker exiting (pid: 36917)
[2026-06-03 21:22:40 +0300] [36914] [INFO] Shutting down: Master
